[2025-07-10 03:58:08] === Pre-commit hook started ===
[2025-07-10 03:58:08] Backup created: backups\main_v01.py
[2025-07-10 03:58:08] Linting tool 'flake8' not found. Skipping.
[2025-07-10 03:58:08] Type Checking tool 'mypy' not found. Skipping.
[2025-07-10 03:58:08] Unit Testing tool 'pytest' not found. Skipping.
[2025-07-10 03:58:08] === Pre-commit hook completed successfully ===
[2025-07-10 04:04:01] === Pre-commit hook started ===
[2025-07-10 04:04:01] Backup created: backups\main_v02.py
[2025-07-10 04:04:01] Linting tool 'flake8' not found. Skipping.
[2025-07-10 04:04:01] Type Checking tool 'mypy' not found. Skipping.
[2025-07-10 04:04:01] Unit Testing tool 'pytest' not found. Skipping.
[2025-07-10 04:04:01] === Pre-commit hook completed successfully ===
[2025-07-10 04:04:01] === Pre-commit hook started ===
[2025-07-10 04:04:01] Backup created: backups\main_v03.py
[2025-07-10 04:04:01] Linting tool 'flake8' not found. Skipping.
[2025-07-10 04:04:01] Type Checking tool 'mypy' not found. Skipping.
[2025-07-10 04:04:01] Unit Testing tool 'pytest' not found. Skipping.
[2025-07-10 04:04:01] === Pre-commit hook completed successfully ===
[2025-07-10 04:08:24] === Pre-commit hook started ===
[2025-07-10 04:08:24] Backup created: backups\main_v04.py
[2025-07-10 04:08:24] Linting tool 'flake8' not found. Skipping.
[2025-07-10 04:08:24] Type Checking tool 'mypy' not found. Skipping.
[2025-07-10 04:08:24] Unit Testing tool 'pytest' not found. Skipping.
[2025-07-10 04:08:24] === Pre-commit hook completed successfully ===
[2025-07-10 04:08:24] === Pre-commit hook started ===
[2025-07-10 04:08:24] Backup created: backups\main_v05.py
[2025-07-10 04:08:24] Linting tool 'flake8' not found. Skipping.
[2025-07-10 04:08:24] Type Checking tool 'mypy' not found. Skipping.
[2025-07-10 04:08:24] Unit Testing tool 'pytest' not found. Skipping.
[2025-07-10 04:08:24] === Pre-commit hook completed successfully ===
[2025-07-10 04:15:15] === Pre-commit hook started ===
[2025-07-10 04:15:15] Backup created: backups\main_v06.py
[2025-07-10 04:15:15] Linting tool 'flake8' not found. Skipping.
[2025-07-10 04:15:16] Type Checking tool 'mypy' not found. Skipping.
[2025-07-10 04:15:16] Unit Testing tool 'pytest' not found. Skipping.
[2025-07-10 04:15:16] === Pre-commit hook completed successfully ===
[2025-07-10 04:15:16] === Pre-commit hook started ===
[2025-07-10 04:15:16] Backup created: backups\main_v07.py
[2025-07-10 04:15:16] Linting tool 'flake8' not found. Skipping.
[2025-07-10 04:15:16] Type Checking tool 'mypy' not found. Skipping.
[2025-07-10 04:15:16] Unit Testing tool 'pytest' not found. Skipping.
[2025-07-10 04:15:16] === Pre-commit hook completed successfully ===
[2025-07-10 04:16:25] === Pre-commit hook started ===
[2025-07-10 04:16:25] Backup created: backups\main_v08.py
[2025-07-10 04:16:25] Linting tool 'flake8' not found. Skipping.
[2025-07-10 04:16:25] Type Checking tool 'mypy' not found. Skipping.
[2025-07-10 04:16:25] Unit Testing tool 'pytest' not found. Skipping.
[2025-07-10 04:16:25] === Pre-commit hook completed successfully ===
[2025-07-10 04:16:25] === Pre-commit hook started ===
[2025-07-10 04:16:25] Backup created: backups\main_v09.py
[2025-07-10 04:16:25] Linting tool 'flake8' not found. Skipping.
[2025-07-10 04:16:25] Type Checking tool 'mypy' not found. Skipping.
[2025-07-10 04:16:25] Unit Testing tool 'pytest' not found. Skipping.
[2025-07-10 04:16:25] === Pre-commit hook completed successfully ===
[2025-07-10 04:17:41] === Pre-commit hook started ===
[2025-07-10 04:17:41] Backup created: backups\main_v10.py
[2025-07-10 04:17:41] Linting tool 'flake8' not found. Skipping.
[2025-07-10 04:17:41] Type Checking tool 'mypy' not found. Skipping.
[2025-07-10 04:17:41] Unit Testing tool 'pytest' not found. Skipping.
[2025-07-10 04:17:41] === Pre-commit hook completed successfully ===
[2025-07-10 04:17:41] === Pre-commit hook started ===
[2025-07-10 04:17:41] Backup created: backups\main_v11.py
[2025-07-10 04:17:41] Linting tool 'flake8' not found. Skipping.
[2025-07-10 04:17:41] Type Checking tool 'mypy' not found. Skipping.
[2025-07-10 04:17:41] Unit Testing tool 'pytest' not found. Skipping.
[2025-07-10 04:17:41] === Pre-commit hook completed successfully ===
[2025-07-10 04:17:51] === Pre-commit hook started ===
[2025-07-10 04:17:51] Backup created: backups\main_v12.py
[2025-07-10 04:17:51] Linting tool 'flake8' not found. Skipping.
[2025-07-10 04:17:51] Type Checking tool 'mypy' not found. Skipping.
[2025-07-10 04:17:51] Unit Testing tool 'pytest' not found. Skipping.
[2025-07-10 04:17:51] === Pre-commit hook completed successfully ===
[2025-07-10 04:17:51] === Pre-commit hook started ===
[2025-07-10 04:17:51] Backup created: backups\main_v13.py
[2025-07-10 04:17:51] Linting tool 'flake8' not found. Skipping.
[2025-07-10 04:17:51] Type Checking tool 'mypy' not found. Skipping.
[2025-07-10 04:17:51] Unit Testing tool 'pytest' not found. Skipping.
[2025-07-10 04:17:51] === Pre-commit hook completed successfully ===
[2025-07-10 04:34:03] === Pre-commit hook started ===
[2025-07-10 04:34:03] Backup created: backups\main_v14.py
[2025-07-10 04:34:03] Linting tool 'flake8' not found. Skipping.
[2025-07-10 04:34:03] Type Checking tool 'mypy' not found. Skipping.
[2025-07-10 04:34:03] Unit Testing tool 'pytest' not found. Skipping.
[2025-07-10 04:34:03] === Pre-commit hook completed successfully ===
[2025-07-10 04:34:03] === Pre-commit hook started ===
[2025-07-10 04:34:03] Backup created: backups\main_v15.py
[2025-07-10 04:34:03] Linting tool 'flake8' not found. Skipping.
[2025-07-10 04:34:03] Type Checking tool 'mypy' not found. Skipping.
[2025-07-10 04:34:03] Unit Testing tool 'pytest' not found. Skipping.
[2025-07-10 04:34:03] === Pre-commit hook completed successfully ===
[2025-07-10 04:34:46] === Pre-commit hook started ===
[2025-07-10 04:34:46] Backup created: backups\main_v16.py
[2025-07-10 04:34:46] Linting tool 'flake8' not found. Skipping.
[2025-07-10 04:34:46] Type Checking tool 'mypy' not found. Skipping.
[2025-07-10 04:34:47] Unit Testing tool 'pytest' not found. Skipping.
[2025-07-10 04:34:47] === Pre-commit hook completed successfully ===
[2025-07-10 04:34:47] === Pre-commit hook started ===
[2025-07-10 04:34:47] Backup created: backups\main_v17.py
[2025-07-10 04:34:47] Linting tool 'flake8' not found. Skipping.
[2025-07-10 04:34:47] Type Checking tool 'mypy' not found. Skipping.
[2025-07-10 04:34:47] Unit Testing tool 'pytest' not found. Skipping.
[2025-07-10 04:34:47] === Pre-commit hook completed successfully ===
[2025-07-10 04:35:32] === Pre-commit hook started ===
[2025-07-10 04:35:32] Backup created: backups\main_v18.py
[2025-07-10 04:35:32] Linting tool 'flake8' not found. Skipping.
[2025-07-10 04:35:32] Type Checking tool 'mypy' not found. Skipping.
[2025-07-10 04:35:32] Unit Testing tool 'pytest' not found. Skipping.
[2025-07-10 04:35:32] === Pre-commit hook completed successfully ===
[2025-07-10 04:35:32] === Pre-commit hook started ===
[2025-07-10 04:35:32] Backup created: backups\main_v19.py
[2025-07-10 04:35:32] Linting tool 'flake8' not found. Skipping.
[2025-07-10 04:35:32] Type Checking tool 'mypy' not found. Skipping.
[2025-07-10 04:35:32] Unit Testing tool 'pytest' not found. Skipping.
[2025-07-10 04:35:32] === Pre-commit hook completed successfully ===
[2025-07-10 04:36:22] === Pre-commit hook started ===
[2025-07-10 04:36:22] Backup created: backups\main_v20.py
[2025-07-10 04:36:22] Linting tool 'flake8' not found. Skipping.
[2025-07-10 04:36:22] Type Checking tool 'mypy' not found. Skipping.
[2025-07-10 04:36:22] Unit Testing tool 'pytest' not found. Skipping.
[2025-07-10 04:36:22] === Pre-commit hook completed successfully ===
[2025-07-10 04:36:22] === Pre-commit hook started ===
[2025-07-10 04:36:22] Backup created: backups\main_v21.py
[2025-07-10 04:36:22] Linting tool 'flake8' not found. Skipping.
[2025-07-10 04:36:22] Type Checking tool 'mypy' not found. Skipping.
[2025-07-10 04:36:22] Unit Testing tool 'pytest' not found. Skipping.
[2025-07-10 04:36:22] === Pre-commit hook completed successfully ===
[2025-07-10 04:46:54] === Pre-commit hook started ===
[2025-07-10 04:46:54] Backup created: backups\main_v22.py
[2025-07-10 04:46:54] Linting tool 'flake8' not found. Skipping.
[2025-07-10 04:46:54] Type Checking tool 'mypy' not found. Skipping.
[2025-07-10 04:46:54] Unit Testing tool 'pytest' not found. Skipping.
[2025-07-10 04:46:54] === Pre-commit hook completed successfully ===
[2025-07-10 04:46:54] === Pre-commit hook started ===
[2025-07-10 04:46:54] Backup created: backups\main_v23.py
[2025-07-10 04:46:54] Linting tool 'flake8' not found. Skipping.
[2025-07-10 04:46:54] Type Checking tool 'mypy' not found. Skipping.
[2025-07-10 04:46:54] Unit Testing tool 'pytest' not found. Skipping.
[2025-07-10 04:46:54] === Pre-commit hook completed successfully ===
[2025-07-10 04:50:43] === Pre-commit hook started ===
[2025-07-10 04:50:43] Backup created: backups\main_v24.py
[2025-07-10 04:50:43] Linting tool 'flake8' not found. Skipping.
[2025-07-10 04:50:43] Type Checking tool 'mypy' not found. Skipping.
[2025-07-10 04:50:43] Unit Testing tool 'pytest' not found. Skipping.
[2025-07-10 04:50:43] === Pre-commit hook completed successfully ===
[2025-07-10 04:50:43] === Pre-commit hook started ===
[2025-07-10 04:50:43] Backup created: backups\main_v25.py
[2025-07-10 04:50:43] Linting tool 'flake8' not found. Skipping.
[2025-07-10 04:50:43] Type Checking tool 'mypy' not found. Skipping.
[2025-07-10 04:50:43] Unit Testing tool 'pytest' not found. Skipping.
[2025-07-10 04:50:43] === Pre-commit hook completed successfully ===
[2025-07-10 04:51:07] === Pre-commit hook started ===
[2025-07-10 04:51:07] Backup created: backups\main_v26.py
[2025-07-10 04:51:07] Linting tool 'flake8' not found. Skipping.
[2025-07-10 04:51:07] Type Checking tool 'mypy' not found. Skipping.
[2025-07-10 04:51:07] Unit Testing tool 'pytest' not found. Skipping.
[2025-07-10 04:51:07] === Pre-commit hook completed successfully ===
[2025-07-10 04:51:07] === Pre-commit hook started ===
[2025-07-10 04:51:07] Backup created: backups\main_v27.py
[2025-07-10 04:51:07] Linting tool 'flake8' not found. Skipping.
[2025-07-10 04:51:07] Type Checking tool 'mypy' not found. Skipping.
[2025-07-10 04:51:07] Unit Testing tool 'pytest' not found. Skipping.
[2025-07-10 04:51:07] === Pre-commit hook completed successfully ===
[2025-07-10 05:27:46] === Pre-commit hook started ===
[2025-07-10 05:27:46] Backup created: backups\main_v28.py
[2025-07-10 05:27:46] Linting tool 'flake8' not found. Skipping.
[2025-07-10 05:27:46] Type Checking tool 'mypy' not found. Skipping.
[2025-07-10 05:27:46] Unit Testing tool 'pytest' not found. Skipping.
[2025-07-10 05:27:46] === Pre-commit hook completed successfully ===
[2025-07-10 05:27:46] === Pre-commit hook started ===
[2025-07-10 05:27:46] Backup created: backups\main_v29.py
[2025-07-10 05:27:46] Linting tool 'flake8' not found. Skipping.
[2025-07-10 05:27:46] Type Checking tool 'mypy' not found. Skipping.
[2025-07-10 05:27:46] Unit Testing tool 'pytest' not found. Skipping.
[2025-07-10 05:27:46] === Pre-commit hook completed successfully ===
[2025-07-10 05:28:19] === Pre-commit hook started ===
[2025-07-10 05:28:19] Backup created: backups\main_v30.py
[2025-07-10 05:28:19] Linting tool 'flake8' not found. Skipping.
[2025-07-10 05:28:19] Type Checking tool 'mypy' not found. Skipping.
[2025-07-10 05:28:19] Unit Testing tool 'pytest' not found. Skipping.
[2025-07-10 05:28:19] === Pre-commit hook completed successfully ===
[2025-07-10 05:28:19] === Pre-commit hook started ===
[2025-07-10 05:28:19] Backup created: backups\main_v31.py
[2025-07-10 05:28:19] Linting tool 'flake8' not found. Skipping.
[2025-07-10 05:28:19] Type Checking tool 'mypy' not found. Skipping.
[2025-07-10 05:28:19] Unit Testing tool 'pytest' not found. Skipping.
[2025-07-10 05:28:19] === Pre-commit hook completed successfully ===
[2025-07-10 05:28:51] === Pre-commit hook started ===
[2025-07-10 05:28:51] Backup created: backups\main_v32.py
[2025-07-10 05:28:51] Linting tool 'flake8' not found. Skipping.
[2025-07-10 05:28:51] Type Checking tool 'mypy' not found. Skipping.
[2025-07-10 05:28:51] Unit Testing tool 'pytest' not found. Skipping.
[2025-07-10 05:28:51] === Pre-commit hook completed successfully ===
[2025-07-10 05:28:51] === Pre-commit hook started ===
[2025-07-10 05:28:51] Backup created: backups\main_v33.py
[2025-07-10 05:28:51] Linting tool 'flake8' not found. Skipping.
[2025-07-10 05:28:51] Type Checking tool 'mypy' not found. Skipping.
[2025-07-10 05:28:51] Unit Testing tool 'pytest' not found. Skipping.
[2025-07-10 05:28:51] === Pre-commit hook completed successfully ===
[2025-07-10 05:29:26] === Pre-commit hook started ===
[2025-07-10 05:29:27] Backup created: backups\main_v34.py
[2025-07-10 05:29:27] Linting tool 'flake8' not found. Skipping.
[2025-07-10 05:29:27] Type Checking tool 'mypy' not found. Skipping.
[2025-07-10 05:29:27] Unit Testing tool 'pytest' not found. Skipping.
[2025-07-10 05:29:27] === Pre-commit hook completed successfully ===
[2025-07-10 05:29:27] === Pre-commit hook started ===
[2025-07-10 05:29:27] Backup created: backups\main_v35.py
[2025-07-10 05:29:27] Linting tool 'flake8' not found. Skipping.
[2025-07-10 05:29:27] Type Checking tool 'mypy' not found. Skipping.
[2025-07-10 05:29:27] Unit Testing tool 'pytest' not found. Skipping.
[2025-07-10 05:29:27] === Pre-commit hook completed successfully ===
[2025-07-10 05:29:59] === Pre-commit hook started ===
[2025-07-10 05:29:59] Backup created: backups\main_v36.py
[2025-07-10 05:29:59] Linting tool 'flake8' not found. Skipping.
[2025-07-10 05:29:59] Type Checking tool 'mypy' not found. Skipping.
[2025-07-10 05:29:59] Unit Testing tool 'pytest' not found. Skipping.
[2025-07-10 05:29:59] === Pre-commit hook completed successfully ===
[2025-07-10 05:29:59] === Pre-commit hook started ===
[2025-07-10 05:29:59] Backup created: backups\main_v37.py
[2025-07-10 05:29:59] Linting tool 'flake8' not found. Skipping.
[2025-07-10 05:29:59] Type Checking tool 'mypy' not found. Skipping.
[2025-07-10 05:29:59] Unit Testing tool 'pytest' not found. Skipping.
[2025-07-10 05:29:59] === Pre-commit hook completed successfully ===
[2025-07-10 05:30:35] === Pre-commit hook started ===
[2025-07-10 05:30:35] Backup created: backups\main_v38.py
[2025-07-10 05:30:35] Linting tool 'flake8' not found. Skipping.
[2025-07-10 05:30:35] Type Checking tool 'mypy' not found. Skipping.
[2025-07-10 05:30:35] Unit Testing tool 'pytest' not found. Skipping.
[2025-07-10 05:30:35] === Pre-commit hook completed successfully ===
[2025-07-10 05:30:35] === Pre-commit hook started ===
[2025-07-10 05:30:35] Backup created: backups\main_v39.py
[2025-07-10 05:30:35] Linting tool 'flake8' not found. Skipping.
[2025-07-10 05:30:35] Type Checking tool 'mypy' not found. Skipping.
[2025-07-10 05:30:35] Unit Testing tool 'pytest' not found. Skipping.
[2025-07-10 05:30:35] === Pre-commit hook completed successfully ===
[2025-07-10 05:31:07] === Pre-commit hook started ===
[2025-07-10 05:31:07] Backup created: backups\main_v40.py
[2025-07-10 05:31:07] Linting tool 'flake8' not found. Skipping.
[2025-07-10 05:31:07] Type Checking tool 'mypy' not found. Skipping.
[2025-07-10 05:31:07] Unit Testing tool 'pytest' not found. Skipping.
[2025-07-10 05:31:07] === Pre-commit hook completed successfully ===
[2025-07-10 05:31:07] === Pre-commit hook started ===
[2025-07-10 05:31:07] Backup created: backups\main_v41.py
[2025-07-10 05:31:07] Linting tool 'flake8' not found. Skipping.
[2025-07-10 05:31:07] Type Checking tool 'mypy' not found. Skipping.
[2025-07-10 05:31:07] Unit Testing tool 'pytest' not found. Skipping.
[2025-07-10 05:31:07] === Pre-commit hook completed successfully ===
[2025-07-10 05:31:41] === Pre-commit hook started ===
[2025-07-10 05:31:41] Backup created: backups\main_v42.py
[2025-07-10 05:31:41] Linting tool 'flake8' not found. Skipping.
[2025-07-10 05:31:41] Type Checking tool 'mypy' not found. Skipping.
[2025-07-10 05:31:41] Unit Testing tool 'pytest' not found. Skipping.
[2025-07-10 05:31:41] === Pre-commit hook completed successfully ===
[2025-07-10 05:31:41] === Pre-commit hook started ===
[2025-07-10 05:31:41] Backup created: backups\main_v43.py
[2025-07-10 05:31:41] Linting tool 'flake8' not found. Skipping.
[2025-07-10 05:31:41] Type Checking tool 'mypy' not found. Skipping.
[2025-07-10 05:31:41] Unit Testing tool 'pytest' not found. Skipping.
[2025-07-10 05:31:41] === Pre-commit hook completed successfully ===
[2025-07-10 05:33:23] === Pre-commit hook started ===
[2025-07-10 05:33:23] Backup created: backups\main_v44.py
[2025-07-10 05:33:23] Linting tool 'flake8' not found. Skipping.
[2025-07-10 05:33:23] Type Checking tool 'mypy' not found. Skipping.
[2025-07-10 05:33:23] Unit Testing tool 'pytest' not found. Skipping.
[2025-07-10 05:33:23] === Pre-commit hook completed successfully ===
[2025-07-10 05:33:23] === Pre-commit hook started ===
[2025-07-10 05:33:23] Backup created: backups\main_v45.py
[2025-07-10 05:33:23] Linting tool 'flake8' not found. Skipping.
[2025-07-10 05:33:23] Type Checking tool 'mypy' not found. Skipping.
[2025-07-10 05:33:23] Unit Testing tool 'pytest' not found. Skipping.
[2025-07-10 05:33:23] === Pre-commit hook completed successfully ===
[2025-07-10 05:33:23] === Pre-commit hook started ===
[2025-07-10 05:33:23] Backup created: backups\main_v46.py
[2025-07-10 05:33:23] Linting tool 'flake8' not found. Skipping.
[2025-07-10 05:33:23] Type Checking tool 'mypy' not found. Skipping.
[2025-07-10 05:33:23] Unit Testing tool 'pytest' not found. Skipping.
[2025-07-10 05:33:23] === Pre-commit hook completed successfully ===
[2025-07-10 05:37:34] === Pre-commit hook started ===
[2025-07-10 05:37:34] Backup created: backups\main_v47.py
[2025-07-10 05:37:34] Linting tool 'flake8' not found. Skipping.
[2025-07-10 05:37:34] Type Checking tool 'mypy' not found. Skipping.
[2025-07-10 05:37:34] Unit Testing tool 'pytest' not found. Skipping.
[2025-07-10 05:37:34] === Pre-commit hook completed successfully ===
[2025-07-10 05:37:34] === Pre-commit hook started ===
[2025-07-10 05:37:34] Backup created: backups\main_v48.py
[2025-07-10 05:37:34] Linting tool 'flake8' not found. Skipping.
[2025-07-10 05:37:34] Type Checking tool 'mypy' not found. Skipping.
[2025-07-10 05:37:34] Unit Testing tool 'pytest' not found. Skipping.
[2025-07-10 05:37:34] === Pre-commit hook completed successfully ===
[2025-07-10 05:41:23] === Pre-commit hook started ===
[2025-07-10 05:41:23] Backup created: backups\main_v49.py
[2025-07-10 05:41:23] Linting tool 'flake8' not found. Skipping.
[2025-07-10 05:41:23] Type Checking tool 'mypy' not found. Skipping.
[2025-07-10 05:41:23] Unit Testing tool 'pytest' not found. Skipping.
[2025-07-10 05:41:23] === Pre-commit hook completed successfully ===
[2025-07-10 05:41:23] === Pre-commit hook started ===
[2025-07-10 05:41:23] Backup created: backups\main_v50.py
[2025-07-10 05:41:23] Linting tool 'flake8' not found. Skipping.
[2025-07-10 05:41:23] Type Checking tool 'mypy' not found. Skipping.
[2025-07-10 05:41:23] Unit Testing tool 'pytest' not found. Skipping.
[2025-07-10 05:41:23] === Pre-commit hook completed successfully ===
[2025-07-10 05:41:46] === Pre-commit hook started ===
[2025-07-10 05:41:46] Backup created: backups\main_v51.py
[2025-07-10 05:41:46] Linting tool 'flake8' not found. Skipping.
[2025-07-10 05:41:46] Type Checking tool 'mypy' not found. Skipping.
[2025-07-10 05:41:46] Unit Testing tool 'pytest' not found. Skipping.
[2025-07-10 05:41:46] === Pre-commit hook completed successfully ===
[2025-07-10 05:41:46] === Pre-commit hook started ===
[2025-07-10 05:41:46] Backup created: backups\main_v52.py
[2025-07-10 05:41:46] Linting tool 'flake8' not found. Skipping.
[2025-07-10 05:41:46] Type Checking tool 'mypy' not found. Skipping.
[2025-07-10 05:41:46] Unit Testing tool 'pytest' not found. Skipping.
[2025-07-10 05:41:46] === Pre-commit hook completed successfully ===
[2025-07-10 05:45:04] === Pre-commit hook started ===
[2025-07-10 05:45:04] Backup created: backups\main_v53.py
[2025-07-10 05:45:04] Linting tool 'flake8' not found. Skipping.
[2025-07-10 05:45:04] Type Checking tool 'mypy' not found. Skipping.
[2025-07-10 05:45:04] Unit Testing tool 'pytest' not found. Skipping.
[2025-07-10 05:45:04] === Pre-commit hook completed successfully ===
[2025-07-10 05:45:04] === Pre-commit hook started ===
[2025-07-10 05:45:04] Backup created: backups\main_v54.py
[2025-07-10 05:45:04] Linting tool 'flake8' not found. Skipping.
[2025-07-10 05:45:04] Type Checking tool 'mypy' not found. Skipping.
[2025-07-10 05:45:04] Unit Testing tool 'pytest' not found. Skipping.
[2025-07-10 05:45:04] === Pre-commit hook completed successfully ===
[2025-07-10 05:45:47] === Pre-commit hook started ===
[2025-07-10 05:45:47] Backup created: backups\main_v55.py
[2025-07-10 05:45:47] Linting tool 'flake8' not found. Skipping.
[2025-07-10 05:45:47] Type Checking tool 'mypy' not found. Skipping.
[2025-07-10 05:45:47] Unit Testing tool 'pytest' not found. Skipping.
[2025-07-10 05:45:47] === Pre-commit hook completed successfully ===
[2025-07-10 05:45:47] === Pre-commit hook started ===
[2025-07-10 05:45:47] Backup created: backups\main_v56.py
[2025-07-10 05:45:47] Linting tool 'flake8' not found. Skipping.
[2025-07-10 05:45:47] Type Checking tool 'mypy' not found. Skipping.
[2025-07-10 05:45:47] Unit Testing tool 'pytest' not found. Skipping.
[2025-07-10 05:45:47] === Pre-commit hook completed successfully ===
[2025-07-10 05:54:53] === Pre-commit hook started ===
[2025-07-10 05:54:53] Backup created: backups\main_v57.py
[2025-07-10 05:54:53] Linting tool 'flake8' not found. Skipping.
[2025-07-10 05:54:53] Type Checking tool 'mypy' not found. Skipping.
[2025-07-10 05:54:53] Unit Testing tool 'pytest' not found. Skipping.
[2025-07-10 05:54:53] === Pre-commit hook completed successfully ===
[2025-07-10 05:54:53] === Pre-commit hook started ===
[2025-07-10 05:54:53] Backup created: backups\main_v58.py
[2025-07-10 05:54:53] Linting tool 'flake8' not found. Skipping.
[2025-07-10 05:54:53] Type Checking tool 'mypy' not found. Skipping.
[2025-07-10 05:54:53] Unit Testing tool 'pytest' not found. Skipping.
[2025-07-10 05:54:53] === Pre-commit hook completed successfully ===
[2025-07-10 05:55:08] === Pre-commit hook started ===
[2025-07-10 05:55:08] Backup created: backups\main_v59.py
[2025-07-10 05:55:08] Linting tool 'flake8' not found. Skipping.
[2025-07-10 05:55:08] Type Checking tool 'mypy' not found. Skipping.
[2025-07-10 05:55:08] Unit Testing tool 'pytest' not found. Skipping.
[2025-07-10 05:55:08] === Pre-commit hook completed successfully ===
[2025-07-10 05:55:08] === Pre-commit hook started ===
[2025-07-10 05:55:08] Backup created: backups\main_v60.py
[2025-07-10 05:55:08] Linting tool 'flake8' not found. Skipping.
[2025-07-10 05:55:08] Type Checking tool 'mypy' not found. Skipping.
[2025-07-10 05:55:08] Unit Testing tool 'pytest' not found. Skipping.
[2025-07-10 05:55:08] === Pre-commit hook completed successfully ===
[2025-07-10 05:55:17] === Pre-commit hook started ===
[2025-07-10 05:55:17] Backup created: backups\main_v61.py
[2025-07-10 05:55:17] Linting tool 'flake8' not found. Skipping.
[2025-07-10 05:55:17] Type Checking tool 'mypy' not found. Skipping.
[2025-07-10 05:55:17] Unit Testing tool 'pytest' not found. Skipping.
[2025-07-10 05:55:17] === Pre-commit hook completed successfully ===
[2025-07-10 05:55:17] === Pre-commit hook started ===
[2025-07-10 05:55:17] Backup created: backups\main_v62.py
[2025-07-10 05:55:17] Linting tool 'flake8' not found. Skipping.
[2025-07-10 05:55:17] Type Checking tool 'mypy' not found. Skipping.
[2025-07-10 05:55:17] Unit Testing tool 'pytest' not found. Skipping.
[2025-07-10 05:55:17] === Pre-commit hook completed successfully ===
[2025-07-10 05:55:30] === Pre-commit hook started ===
[2025-07-10 05:55:30] Backup created: backups\main_v63.py
[2025-07-10 05:55:30] Linting tool 'flake8' not found. Skipping.
[2025-07-10 05:55:30] Type Checking tool 'mypy' not found. Skipping.
[2025-07-10 05:55:30] Unit Testing tool 'pytest' not found. Skipping.
[2025-07-10 05:55:30] === Pre-commit hook completed successfully ===
[2025-07-10 05:55:30] === Pre-commit hook started ===
[2025-07-10 05:55:30] Backup created: backups\main_v64.py
[2025-07-10 05:55:30] Linting tool 'flake8' not found. Skipping.
[2025-07-10 05:55:30] Type Checking tool 'mypy' not found. Skipping.
[2025-07-10 05:55:30] Unit Testing tool 'pytest' not found. Skipping.
[2025-07-10 05:55:30] === Pre-commit hook completed successfully ===
[2025-07-10 05:55:39] === Pre-commit hook started ===
[2025-07-10 05:55:39] Backup created: backups\main_v65.py
[2025-07-10 05:55:39] Linting tool 'flake8' not found. Skipping.
[2025-07-10 05:55:39] Type Checking tool 'mypy' not found. Skipping.
[2025-07-10 05:55:39] Unit Testing tool 'pytest' not found. Skipping.
[2025-07-10 05:55:39] === Pre-commit hook completed successfully ===
[2025-07-10 05:55:39] === Pre-commit hook started ===
[2025-07-10 05:55:39] Backup created: backups\main_v66.py
[2025-07-10 05:55:39] Linting tool 'flake8' not found. Skipping.
[2025-07-10 05:55:39] Type Checking tool 'mypy' not found. Skipping.
[2025-07-10 05:55:39] Unit Testing tool 'pytest' not found. Skipping.
[2025-07-10 05:55:39] === Pre-commit hook completed successfully ===
[2025-07-10 05:57:39] === Pre-commit hook started ===
[2025-07-10 05:57:39] Backup created: backups\main_v67.py
[2025-07-10 05:57:39] Linting tool 'flake8' not found. Skipping.
[2025-07-10 05:57:39] Type Checking tool 'mypy' not found. Skipping.
[2025-07-10 05:57:39] Unit Testing tool 'pytest' not found. Skipping.
[2025-07-10 05:57:39] === Pre-commit hook completed successfully ===
[2025-07-10 05:57:39] === Pre-commit hook started ===
[2025-07-10 05:57:39] Backup created: backups\main_v68.py
[2025-07-10 05:57:39] Linting tool 'flake8' not found. Skipping.
[2025-07-10 05:57:39] Type Checking tool 'mypy' not found. Skipping.
[2025-07-10 05:57:39] Unit Testing tool 'pytest' not found. Skipping.
[2025-07-10 05:57:39] === Pre-commit hook completed successfully ===
[2025-07-10 05:57:39] === Pre-commit hook started ===
[2025-07-10 05:57:39] Backup created: backups\main_v69.py
[2025-07-10 05:57:39] Linting tool 'flake8' not found. Skipping.
[2025-07-10 05:57:39] Type Checking tool 'mypy' not found. Skipping.
[2025-07-10 05:57:39] Unit Testing tool 'pytest' not found. Skipping.
[2025-07-10 05:57:39] === Pre-commit hook completed successfully ===
[2025-07-10 06:08:11] === Pre-commit hook started ===
[2025-07-10 06:08:11] Backup created: backups\main_v70.py
[2025-07-10 06:08:11] Linting tool 'flake8' not found. Skipping.
[2025-07-10 06:08:11] Type Checking tool 'mypy' not found. Skipping.
[2025-07-10 06:08:11] Unit Testing tool 'pytest' not found. Skipping.
[2025-07-10 06:08:11] === Pre-commit hook completed successfully ===
[2025-07-10 06:08:11] === Pre-commit hook started ===
[2025-07-10 06:08:11] Backup created: backups\main_v71.py
[2025-07-10 06:08:11] Linting tool 'flake8' not found. Skipping.
[2025-07-10 06:08:11] Type Checking tool 'mypy' not found. Skipping.
[2025-07-10 06:08:11] Unit Testing tool 'pytest' not found. Skipping.
[2025-07-10 06:08:11] === Pre-commit hook completed successfully ===
[2025-07-10 06:08:58] === Pre-commit hook started ===
[2025-07-10 06:08:58] Backup created: backups\main_v72.py
[2025-07-10 06:08:58] Linting tool 'flake8' not found. Skipping.
[2025-07-10 06:08:58] Type Checking tool 'mypy' not found. Skipping.
[2025-07-10 06:08:58] Unit Testing tool 'pytest' not found. Skipping.
[2025-07-10 06:08:58] === Pre-commit hook completed successfully ===
[2025-07-10 06:08:58] === Pre-commit hook started ===
[2025-07-10 06:08:58] Backup created: backups\main_v73.py
[2025-07-10 06:08:58] Linting tool 'flake8' not found. Skipping.
[2025-07-10 06:08:58] Type Checking tool 'mypy' not found. Skipping.
[2025-07-10 06:08:58] Unit Testing tool 'pytest' not found. Skipping.
[2025-07-10 06:08:58] === Pre-commit hook completed successfully ===
[2025-07-10 06:15:59] === Pre-commit hook started ===
[2025-07-10 06:15:59] Backup created: backups\main_v74.py
[2025-07-10 06:15:59] Linting tool 'flake8' not found. Skipping.
[2025-07-10 06:15:59] Type Checking tool 'mypy' not found. Skipping.
[2025-07-10 06:15:59] Unit Testing tool 'pytest' not found. Skipping.
[2025-07-10 06:15:59] === Pre-commit hook completed successfully ===
[2025-07-10 06:15:59] === Pre-commit hook started ===
[2025-07-10 06:15:59] Backup created: backups\main_v75.py
[2025-07-10 06:15:59] Linting tool 'flake8' not found. Skipping.
[2025-07-10 06:15:59] Type Checking tool 'mypy' not found. Skipping.
[2025-07-10 06:15:59] Unit Testing tool 'pytest' not found. Skipping.
[2025-07-10 06:15:59] === Pre-commit hook completed successfully ===
[2025-07-10 06:17:45] === Pre-commit hook started ===
[2025-07-10 06:17:45] Backup created: backups\main_v76.py
[2025-07-10 06:17:45] Linting tool 'flake8' not found. Skipping.
[2025-07-10 06:17:45] Type Checking tool 'mypy' not found. Skipping.
[2025-07-10 06:17:45] Unit Testing tool 'pytest' not found. Skipping.
[2025-07-10 06:17:45] === Pre-commit hook completed successfully ===
[2025-07-10 06:17:46] === Pre-commit hook started ===
[2025-07-10 06:17:46] Backup created: backups\main_v77.py
[2025-07-10 06:17:46] Linting tool 'flake8' not found. Skipping.
[2025-07-10 06:17:46] Type Checking tool 'mypy' not found. Skipping.
[2025-07-10 06:17:46] Unit Testing tool 'pytest' not found. Skipping.
[2025-07-10 06:17:46] === Pre-commit hook completed successfully ===
[2025-07-10 06:20:47] === Pre-commit hook started ===
[2025-07-10 06:20:47] Backup created: backups\main_v78.py
[2025-07-10 06:20:47] Linting tool 'flake8' not found. Skipping.
[2025-07-10 06:20:47] Type Checking tool 'mypy' not found. Skipping.
[2025-07-10 06:20:47] Unit Testing tool 'pytest' not found. Skipping.
[2025-07-10 06:20:47] === Pre-commit hook completed successfully ===
[2025-07-10 06:20:47] === Pre-commit hook started ===
[2025-07-10 06:20:47] Backup created: backups\main_v79.py
[2025-07-10 06:20:47] Linting tool 'flake8' not found. Skipping.
[2025-07-10 06:20:47] Type Checking tool 'mypy' not found. Skipping.
[2025-07-10 06:20:47] Unit Testing tool 'pytest' not found. Skipping.
[2025-07-10 06:20:47] === Pre-commit hook completed successfully ===
[2025-07-10 06:39:27] === Pre-commit hook started ===
[2025-07-10 06:39:27] Backup created: backups\main_v80.py
[2025-07-10 06:39:27] Linting tool 'flake8' not found. Skipping.
[2025-07-10 06:39:27] Type Checking tool 'mypy' not found. Skipping.
[2025-07-10 06:39:27] Unit Testing tool 'pytest' not found. Skipping.
[2025-07-10 06:39:27] === Pre-commit hook completed successfully ===
[2025-07-10 06:39:27] === Pre-commit hook started ===
[2025-07-10 06:39:27] Backup created: backups\main_v81.py
[2025-07-10 06:39:27] Linting tool 'flake8' not found. Skipping.
[2025-07-10 06:39:27] Type Checking tool 'mypy' not found. Skipping.
[2025-07-10 06:39:27] Unit Testing tool 'pytest' not found. Skipping.
[2025-07-10 06:39:27] === Pre-commit hook completed successfully ===
[2025-07-10 08:09:42] === Pre-commit hook started ===
[2025-07-10 08:09:42] Backup created: backups\main_v82.py
[2025-07-10 08:09:42] Linting tool 'flake8' not found. Skipping.
[2025-07-10 08:09:42] Type Checking tool 'mypy' not found. Skipping.
[2025-07-10 08:09:42] Unit Testing tool 'pytest' not found. Skipping.
[2025-07-10 08:09:42] === Pre-commit hook completed successfully ===
