2025-07-10 07:01:51,155 [INFO] HybridWorkflow: Phase 1 completed: Session initialized.
2025-07-10 07:01:51,156 [INFO] HybridWorkflow: Phase 2 completed: Error analysis and resolution.
2025-07-10 07:01:51,156 [INFO] HybridWorkflow: Phase 3 completed: Refactoring and validation.
2025-07-10 07:01:51,156 [INFO] HybridWorkflow: Phase 4 completed: Developed 3 features.
2025-07-10 07:01:51,156 [INFO] HybridWorkflow: Phase 5 completed: User requests fulfilled.
2025-07-10 07:01:51,157 [INFO] HybridWorkflow: Phase 6 completed: Final optimization and learning.
2025-07-10 07:01:51,157 [INFO] HybridWorkflow: Full workflow completed successfully.
2025-07-10 07:01:53,685 [INFO] PythonWorkflow: Session event logged: QA Results
2025-07-10 07:01:53,685 [INFO] PythonWorkflow: Session summary written successfully.
2025-07-10 07:01:53,685 [INFO] PythonWorkflow: Main execution completed successfully.
2025-07-10 21:35:02,345 [INFO] HybridWorkflow: Phase 1 completed: Session initialized.
2025-07-10 21:35:02,345 [INFO] HybridWorkflow: Phase 2 completed: Error analysis and resolution.
2025-07-10 21:35:02,345 [INFO] HybridWorkflow: Phase 3 completed: Refactoring and validation.
2025-07-10 21:35:02,346 [INFO] HybridWorkflow: Phase 4 completed: Developed 3 features.
2025-07-10 21:35:02,346 [INFO] HybridWorkflow: Phase 5 completed: User requests fulfilled.
2025-07-10 21:35:02,346 [INFO] HybridWorkflow: Phase 6 completed: Final optimization and learning.
2025-07-10 21:35:02,346 [INFO] HybridWorkflow: Full workflow completed successfully.
2025-07-10 21:35:03,176 [INFO] PythonWorkflow: Session event logged: QA Results
2025-07-10 21:35:03,177 [INFO] PythonWorkflow: Session summary written successfully.
2025-07-10 21:35:03,177 [INFO] PythonWorkflow: Main execution completed successfully.
