## Session Summary - 2025-07-10T08:09:45.124001

### Context Analysis
- Project Phase: implementation
- Complexity Level: N/A
- Error Rate: N/A
- Technical Debt: 0.2

### Adaptive Decisions
- Feature Count: 3
- Priority Focus: N/A
- Quality Gates: N/A

### Accomplishments
- Errors Resolved: N/A
- Features Implemented: N/A
- Refactoring Completed: N/A
- Tests Added: N/A

### Learning Outcomes
- New Error Patterns: N/A
- Performance Improvements: N/A
- Code Quality Enhancements: N/A
- User Experience Gains: N/A

### Next Session Preparation
- Priority Tasks: N/A
- Technical Debt Items: N/A
- Performance Targets: N/A
- Learning Focus: N/A

### Metrics
- Session Duration: 60
- Feature Velocity: N/A
- Error Resolution Rate: N/A
- Code Quality Score: N/A
- User Satisfaction: N/A


